#
# A fatal error has been detected by the Java Runtime Environment:
#
#  EXCEPTION_ACCESS_VIOLATION (0xc0000005) at pc=0x000000006ef44419, pid=19488, tid=12276
#
# JRE version: Java(TM) SE Runtime Environment (7.0_51-b13) (build 1.7.0_51-b13)
# Java VM: Java HotSpot(TM) 64-Bit Server VM (24.51-b03 mixed mode windows-amd64 compressed oops)
# Problematic frame:
# V  [jvm.dll+0x54419]
#
# Failed to write core dump. Minidumps are not enabled by default on client versions of Windows
#
# If you would like to submit a bug report, please visit:
#   http://bugreport.sun.com/bugreport/crash.jsp
#

---------------  T H R E A D  ---------------

Current thread (0x000000000ad5c800):  JavaThread "JDWP Transport Listener: dt_socket" daemon [_thread_in_vm, id=12276, stack(0x000000000c2a0000,0x000000000c3a0000)]

siginfo: ExceptionCode=0xc0000005, reading address 0x000000000000000c

Registers:
RAX=0x000000000000000c, RBX=0x000000000ad5c800, RCX=0x0000000000000003, RDX=0x0000000000000000
RSP=0x000000000c39f830, RBP=0x000000000000000c, RSI=0x0000000000000000, RDI=0x0000000000000010
R8 =0x00000007d914e6b8, R9 =0x0000000000000000, R10=0x0000000000000000, R11=0x0000000000000001
R12=0x0000000000000000, R13=0x000000000ad530a8, R14=0x0000000000000000, R15=0x0000000000000000
RIP=0x000000006ef44419, EFLAGS=0x0000000000010246

Top of Stack: (sp=0x000000000c39f830)
0x000000000c39f830:   000000000ad5c800 0000000000000000
0x000000000c39f840:   0000000000000000 000000000ad5c800
0x000000000c39f850:   0000000000000000 000000006f00b2b7
0x000000000c39f860:   00000007d914e6b8 000000000c39f980
0x000000000c39f870:   000000000ad0c200 000000000c39f950
0x000000000c39f880:   000000000ad5c800 0000000000000000
0x000000000c39f890:   000000000ad0c200 000000000c39f980
0x000000000c39f8a0:   0000000000000000 000000000ad530a8
0x000000000c39f8b0:   0000000000000000 000000006ee77d15
0x000000000c39f8c0:   000000000c39f950 000000000c39f980
0x000000000c39f8d0:   000000000ad0c200 000000000ad5c9e8
0x000000000c39f8e0:   000000000cc1160a 000000006ee7f08c
0x000000000c39f8f0:   000000000a010a01 000000000c39f9f0
0x000000000c39f900:   000000000ad52c01 000000000ad52c01
0x000000000c39f910:   000092bc00000013 000000000a010a00
0x000000000c39f920:   000000000cc59200 000000006f0bce6d 

Instructions: (pc=0x000000006ef44419)
0x000000006ef443f9:   d2 48 8b c5 eb 18 48 8b d0 48 8b c5 48 d3 e2 48
0x000000006ef44409:   03 15 a1 74 69 00 eb 06 48 8b 12 48 8b c7 48 98
0x000000006ef44419:   8b 14 10 85 d2 74 2a 45 84 db 4c 63 c6 48 0f 45
0x000000006ef44429:   fd 8d 47 0b 48 63 c8 48 83 e1 f8 48 c1 e9 03 8d 


Register to memory mapping:

RAX=0x000000000000000c is an unknown value
RBX=0x000000000ad5c800 is a thread
RCX=0x0000000000000003 is an unknown value
RDX=0x0000000000000000 is an unknown value
RSP=0x000000000c39f830 is pointing into the stack for thread: 0x000000000ad5c800
RBP=0x000000000000000c is an unknown value
RSI=0x0000000000000000 is an unknown value
RDI=0x0000000000000010 is an unknown value
R8 =0x00000007d914e6b8 is an oop
java.lang.String 
 - klass: 'java/lang/String'
R9 =0x0000000000000000 is an unknown value
R10=0x0000000000000000 is an unknown value
R11=0x0000000000000001 is an unknown value
R12=0x0000000000000000 is an unknown value
R13=0x000000000ad530a8 is an unknown value
R14=0x0000000000000000 is an unknown value
R15=0x0000000000000000 is an unknown value


Stack: [0x000000000c2a0000,0x000000000c3a0000],  sp=0x000000000c39f830,  free space=1022k
Native frames: (J=compiled Java code, j=interpreted, Vv=VM code, C=native code)
V  [jvm.dll+0x54419]


---------------  P R O C E S S  ---------------

Java Threads: ( => current thread )
  0x000000000cb18000 JavaThread "Abandoned connection cleanup thread" daemon [_thread_blocked, id=6152, stack(0x000000000e670000,0x000000000e770000)]
  0x000000000cc3d800 JavaThread "ReaderThread" [_thread_in_native, id=7248, stack(0x000000000d5a0000,0x000000000d6a0000)]
  0x000000000ad85000 JavaThread "Service Thread" daemon [_thread_blocked, id=2032, stack(0x000000000c7a0000,0x000000000c8a0000)]
  0x000000000ad7f000 JavaThread "C2 CompilerThread1" daemon [_thread_blocked, id=10444, stack(0x000000000c6a0000,0x000000000c7a0000)]
  0x000000000ad7e800 JavaThread "C2 CompilerThread0" daemon [_thread_blocked, id=20156, stack(0x000000000c5a0000,0x000000000c6a0000)]
  0x000000000ad78000 JavaThread "JDWP Command Reader" daemon [_thread_in_native, id=17592, stack(0x000000000c4a0000,0x000000000c5a0000)]
  0x000000000ad6a800 JavaThread "JDWP Event Helper Thread" daemon [_thread_blocked, id=18516, stack(0x000000000c3a0000,0x000000000c4a0000)]
=>0x000000000ad5c800 JavaThread "JDWP Transport Listener: dt_socket" daemon [_thread_in_vm, id=12276, stack(0x000000000c2a0000,0x000000000c3a0000)]
  0x000000000ad54800 JavaThread "Attach Listener" daemon [_thread_blocked, id=16412, stack(0x000000000c1a0000,0x000000000c2a0000)]
  0x000000000ad52000 JavaThread "Signal Dispatcher" daemon [_thread_blocked, id=10380, stack(0x000000000c0a0000,0x000000000c1a0000)]
  0x000000000ad01800 JavaThread "Finalizer" daemon [_thread_blocked, id=19416, stack(0x000000000bfa0000,0x000000000c0a0000)]
  0x000000000acf6800 JavaThread "Reference Handler" daemon [_thread_blocked, id=10572, stack(0x000000000bea0000,0x000000000bfa0000)]
  0x0000000002963800 JavaThread "main" [_thread_blocked, id=392, stack(0x0000000002860000,0x0000000002960000)]

Other Threads:
  0x000000000acf3000 VMThread [stack: 0x000000000bda0000,0x000000000bea0000] [id=1276]
  0x000000000c8c8800 WatcherThread [stack: 0x000000000cca0000,0x000000000cda0000] [id=4804]

VM state:not at safepoint (normal execution)

VM Mutex/Monitor currently owned by a thread: None

Heap
 PSYoungGen      total 70656K, used 56869K [0x00000007d5f00000, 0x00000007dfa00000, 0x0000000800000000)
  eden space 65536K, 78% used [0x00000007d5f00000,0x00000007d918dbc0,0x00000007d9f00000)
  from space 5120K, 99% used [0x00000007d9f00000,0x00000007da3fb920,0x00000007da400000)
  to   space 13824K, 0% used [0x00000007dec80000,0x00000007dec80000,0x00000007dfa00000)
 ParOldGen       total 86016K, used 13657K [0x0000000781e00000, 0x0000000787200000, 0x00000007d5f00000)
  object space 86016K, 15% used [0x0000000781e00000,0x0000000782b56700,0x0000000787200000)
 PSPermGen       total 35328K, used 35135K [0x000000077cc00000, 0x000000077ee80000, 0x0000000781e00000)
  object space 35328K, 99% used [0x000000077cc00000,0x000000077ee4fed0,0x000000077ee80000)

Card table byte_map: [0x0000000005b20000,0x0000000005f40000] byte_map_base: 0x0000000001f3a000

Polling page: 0x0000000000d70000

Code Cache  [0x0000000002a60000, 0x0000000002cd0000, 0x0000000005a60000)
 total_blobs=790 nmethods=356 adapters=393 free_code_cache=47632Kb largest_free_block=48742016

Compilation events (10 events):
Event: 60.517 Thread 0x000000000ad7f000  372             sun.nio.cs.UTF_8$Encoder::encodeBufferLoop (326 bytes)
Event: 60.531 Thread 0x000000000ad7f000 nmethod 372 0x0000000002bdc450 code [0x0000000002bdc6a0, 0x0000000002bdd088]
Event: 60.541 Thread 0x000000000ad7e800  373             java.nio.Buffer::position (5 bytes)
Event: 60.541 Thread 0x000000000ad7e800 nmethod 373 0x0000000002bd0c50 code [0x0000000002bd0d80, 0x0000000002bd0dd8]
Event: 60.553 Thread 0x000000000ad7f000  374             java.nio.Buffer::limit (62 bytes)
Event: 60.554 Thread 0x000000000ad7f000 nmethod 374 0x0000000002bde390 code [0x0000000002bde4c0, 0x0000000002bde578]
Event: 60.554 Thread 0x000000000ad7e800  375             java.nio.Buffer::<init> (121 bytes)
Event: 60.555 Thread 0x000000000ad7e800 nmethod 375 0x0000000002bddfd0 code [0x0000000002bde120, 0x0000000002bde258]
Event: 60.575 Thread 0x000000000ad7f000  376             java.nio.Buffer::limit (5 bytes)
Event: 60.576 Thread 0x000000000ad7f000 nmethod 376 0x0000000002bdddd0 code [0x0000000002bddf00, 0x0000000002bddf58]

GC Heap History (10 events):
Event: 1.138 GC heap before
{Heap before GC invocations=1 (full 0):
 PSYoungGen      total 37888K, used 32768K [0x00000007d5f00000, 0x00000007d8900000, 0x0000000800000000)
  eden space 32768K, 100% used [0x00000007d5f00000,0x00000007d7f00000,0x00000007d7f00000)
  from space 5120K, 0% used [0x00000007d8400000,0x00000007d8400000,0x00000007d8900000)
  to   space 5120K, 0% used [0x00000007d7f00000,0x00000007d7f00000,0x00000007d8400000)
 ParOldGen       total 86016K, used 0K [0x0000000781e00000, 0x0000000787200000, 0x00000007d5f00000)
  object space 86016K, 0% used [0x0000000781e00000,0x0000000781e00000,0x0000000787200000)
 PSPermGen       total 21504K, used 10598K [0x000000077cc00000, 0x000000077e100000, 0x0000000781e00000)
  object space 21504K, 49% used [0x000000077cc00000,0x000000077d659860,0x000000077e100000)
Event: 1.146 GC heap after
Heap after GC invocations=1 (full 0):
 PSYoungGen      total 37888K, used 5098K [0x00000007d5f00000, 0x00000007d8900000, 0x0000000800000000)
  eden space 32768K, 0% used [0x00000007d5f00000,0x00000007d5f00000,0x00000007d7f00000)
  from space 5120K, 99% used [0x00000007d7f00000,0x00000007d83fa818,0x00000007d8400000)
  to   space 5120K, 0% used [0x00000007d8400000,0x00000007d8400000,0x00000007d8900000)
 ParOldGen       total 86016K, used 109K [0x0000000781e00000, 0x0000000787200000, 0x00000007d5f00000)
  object space 86016K, 0% used [0x0000000781e00000,0x0000000781e1b770,0x0000000787200000)
 PSPermGen       total 21504K, used 10598K [0x000000077cc00000, 0x000000077e100000, 0x0000000781e00000)
  object space 21504K, 49% used [0x000000077cc00000,0x000000077d659860,0x000000077e100000)
}
Event: 1.697 GC heap before
{Heap before GC invocations=2 (full 0):
 PSYoungGen      total 37888K, used 37866K [0x00000007d5f00000, 0x00000007d8900000, 0x0000000800000000)
  eden space 32768K, 100% used [0x00000007d5f00000,0x00000007d7f00000,0x00000007d7f00000)
  from space 5120K, 99% used [0x00000007d7f00000,0x00000007d83fa818,0x00000007d8400000)
  to   space 5120K, 0% used [0x00000007d8400000,0x00000007d8400000,0x00000007d8900000)
 ParOldGen       total 86016K, used 109K [0x0000000781e00000, 0x0000000787200000, 0x00000007d5f00000)
  object space 86016K, 0% used [0x0000000781e00000,0x0000000781e1b770,0x0000000787200000)
 PSPermGen       total 21504K, used 12829K [0x000000077cc00000, 0x000000077e100000, 0x0000000781e00000)
  object space 21504K, 59% used [0x000000077cc00000,0x000000077d8874c8,0x000000077e100000)
Event: 1.714 GC heap after
Heap after GC invocations=2 (full 0):
 PSYoungGen      total 37888K, used 4802K [0x00000007d5f00000, 0x00000007da900000, 0x0000000800000000)
  eden space 32768K, 0% used [0x00000007d5f00000,0x00000007d5f00000,0x00000007d7f00000)
  from space 5120K, 93% used [0x00000007d8400000,0x00000007d88b0800,0x00000007d8900000)
  to   space 5120K, 0% used [0x00000007d7f00000,0x00000007d7f00000,0x00000007d8400000)
 ParOldGen       total 86016K, used 109K [0x0000000781e00000, 0x0000000787200000, 0x00000007d5f00000)
  object space 86016K, 0% used [0x0000000781e00000,0x0000000781e1b770,0x0000000787200000)
 PSPermGen       total 21504K, used 12829K [0x000000077cc00000, 0x000000077e100000, 0x0000000781e00000)
  object space 21504K, 59% used [0x000000077cc00000,0x000000077d8874c8,0x000000077e100000)
}
Event: 2.309 GC heap before
{Heap before GC invocations=3 (full 0):
 PSYoungGen      total 37888K, used 37570K [0x00000007d5f00000, 0x00000007da900000, 0x0000000800000000)
  eden space 32768K, 100% used [0x00000007d5f00000,0x00000007d7f00000,0x00000007d7f00000)
  from space 5120K, 93% used [0x00000007d8400000,0x00000007d88b0800,0x00000007d8900000)
  to   space 5120K, 0% used [0x00000007d7f00000,0x00000007d7f00000,0x00000007d8400000)
 ParOldGen       total 86016K, used 109K [0x0000000781e00000, 0x0000000787200000, 0x00000007d5f00000)
  object space 86016K, 0% used [0x0000000781e00000,0x0000000781e1b770,0x0000000787200000)
 PSPermGen       total 21504K, used 17150K [0x000000077cc00000, 0x000000077e100000, 0x0000000781e00000)
  object space 21504K, 79% used [0x000000077cc00000,0x000000077dcbf880,0x000000077e100000)
Event: 2.318 GC heap after
Heap after GC invocations=3 (full 0):
 PSYoungGen      total 37888K, used 5106K [0x00000007d5f00000, 0x00000007da900000, 0x0000000800000000)
  eden space 32768K, 0% used [0x00000007d5f00000,0x00000007d5f00000,0x00000007d7f00000)
  from space 5120K, 99% used [0x00000007d7f00000,0x00000007d83fcaa0,0x00000007d8400000)
  to   space 5120K, 0% used [0x00000007da400000,0x00000007da400000,0x00000007da900000)
 ParOldGen       total 86016K, used 1445K [0x0000000781e00000, 0x0000000787200000, 0x00000007d5f00000)
  object space 86016K, 1% used [0x0000000781e00000,0x0000000781f69430,0x0000000787200000)
 PSPermGen       total 21504K, used 17150K [0x000000077cc00000, 0x000000077e100000, 0x0000000781e00000)
  object space 21504K, 79% used [0x000000077cc00000,0x000000077dcbf880,0x000000077e100000)
}
Event: 3.032 GC heap before
{Heap before GC invocations=4 (full 0):
 PSYoungGen      total 37888K, used 37874K [0x00000007d5f00000, 0x00000007da900000, 0x0000000800000000)
  eden space 32768K, 100% used [0x00000007d5f00000,0x00000007d7f00000,0x00000007d7f00000)
  from space 5120K, 99% used [0x00000007d7f00000,0x00000007d83fcaa0,0x00000007d8400000)
  to   space 5120K, 0% used [0x00000007da400000,0x00000007da400000,0x00000007da900000)
 ParOldGen       total 86016K, used 1445K [0x0000000781e00000, 0x0000000787200000, 0x00000007d5f00000)
  object space 86016K, 1% used [0x0000000781e00000,0x0000000781f69430,0x0000000787200000)
 PSPermGen       total 22528K, used 22527K [0x000000077cc00000, 0x000000077e200000, 0x0000000781e00000)
  object space 22528K, 99% used [0x000000077cc00000,0x000000077e1ffc08,0x000000077e200000)
Event: 3.045 GC heap after
Heap after GC invocations=4 (full 0):
 PSYoungGen      total 70656K, used 5098K [0x00000007d5f00000, 0x00000007da900000, 0x0000000800000000)
  eden space 65536K, 0% used [0x00000007d5f00000,0x00000007d5f00000,0x00000007d9f00000)
  from space 5120K, 99% used [0x00000007da400000,0x00000007da8fa8e0,0x00000007da900000)
  to   space 5120K, 0% used [0x00000007d9f00000,0x00000007d9f00000,0x00000007da400000)
 ParOldGen       total 86016K, used 4311K [0x0000000781e00000, 0x0000000787200000, 0x00000007d5f00000)
  object space 86016K, 5% used [0x0000000781e00000,0x0000000782235cc8,0x0000000787200000)
 PSPermGen       total 22528K, used 22527K [0x000000077cc00000, 0x000000077e200000, 0x0000000781e00000)
  object space 22528K, 99% used [0x000000077cc00000,0x000000077e1ffc08,0x000000077e200000)
}
Event: 9.765 GC heap before
{Heap before GC invocations=5 (full 0):
 PSYoungGen      total 70656K, used 70634K [0x00000007d5f00000, 0x00000007da900000, 0x0000000800000000)
  eden space 65536K, 100% used [0x00000007d5f00000,0x00000007d9f00000,0x00000007d9f00000)
  from space 5120K, 99% used [0x00000007da400000,0x00000007da8fa8e0,0x00000007da900000)
  to   space 5120K, 0% used [0x00000007d9f00000,0x00000007d9f00000,0x00000007da400000)
 ParOldGen       total 86016K, used 4311K [0x0000000781e00000, 0x0000000787200000, 0x00000007d5f00000)
  object space 86016K, 5% used [0x0000000781e00000,0x0000000782235cc8,0x0000000787200000)
 PSPermGen       total 30208K, used 29950K [0x000000077cc00000, 0x000000077e980000, 0x0000000781e00000)
  object space 30208K, 99% used [0x000000077cc00000,0x000000077e93f880,0x000000077e980000)
Event: 9.786 GC heap after
Heap after GC invocations=5 (full 0):
 PSYoungGen      total 70656K, used 5102K [0x00000007d5f00000, 0x00000007dfa00000, 0x0000000800000000)
  eden space 65536K, 0% used [0x00000007d5f00000,0x00000007d5f00000,0x00000007d9f00000)
  from space 5120K, 99% used [0x00000007d9f00000,0x00000007da3fb920,0x00000007da400000)
  to   space 13824K, 0% used [0x00000007dec80000,0x00000007dec80000,0x00000007dfa00000)
 ParOldGen       total 86016K, used 13657K [0x0000000781e00000, 0x0000000787200000, 0x00000007d5f00000)
  object space 86016K, 15% used [0x0000000781e00000,0x0000000782b56700,0x0000000787200000)
 PSPermGen       total 30208K, used 29950K [0x000000077cc00000, 0x000000077e980000, 0x0000000781e00000)
  object space 30208K, 99% used [0x000000077cc00000,0x000000077e93f880,0x000000077e980000)
}

Deoptimization events (10 events):
Event: 4.167 Thread 0x0000000002963800 Uncommon trap: reason=range_check action=none pc=0x0000000002af38e4 method=sun.reflect.generics.parser.SignatureParser.current()C @ 34
Event: 4.175 Thread 0x0000000002963800 Uncommon trap: reason=range_check action=none pc=0x0000000002af38e4 method=sun.reflect.generics.parser.SignatureParser.current()C @ 34
Event: 4.202 Thread 0x0000000002963800 Uncommon trap: reason=range_check action=none pc=0x0000000002af38e4 method=sun.reflect.generics.parser.SignatureParser.current()C @ 34
Event: 4.207 Thread 0x0000000002963800 Uncommon trap: reason=class_check action=maybe_recompile pc=0x0000000002b4a0ac method=org.springframework.asm.ClassReader.readCode(Lorg/springframework/asm/MethodVisitor;Lorg/springframework/asm/Context;I)V @ 1446
Event: 4.207 Thread 0x0000000002963800 Uncommon trap: reason=class_check action=maybe_recompile pc=0x0000000002b4a0ac method=org.springframework.asm.ClassReader.readCode(Lorg/springframework/asm/MethodVisitor;Lorg/springframework/asm/Context;I)V @ 1446
Event: 4.207 Thread 0x0000000002963800 Uncommon trap: reason=bimorphic action=maybe_recompile pc=0x0000000002ae4750 method=java.util.concurrent.ConcurrentHashMap$Segment.put(Ljava/lang/Object;ILjava/lang/Object;Z)Ljava/lang/Object; @ 77
Event: 4.207 Thread 0x0000000002963800 Uncommon trap: reason=class_check action=maybe_recompile pc=0x0000000002b4a0ac method=org.springframework.asm.ClassReader.readCode(Lorg/springframework/asm/MethodVisitor;Lorg/springframework/asm/Context;I)V @ 1446
Event: 4.207 Thread 0x0000000002963800 Uncommon trap: reason=bimorphic action=maybe_recompile pc=0x0000000002ae4750 method=java.util.concurrent.ConcurrentHashMap$Segment.put(Ljava/lang/Object;ILjava/lang/Object;Z)Ljava/lang/Object; @ 77
Event: 4.207 Thread 0x0000000002963800 Uncommon trap: reason=class_check action=maybe_recompile pc=0x0000000002b4a0ac method=org.springframework.asm.ClassReader.readCode(Lorg/springframework/asm/MethodVisitor;Lorg/springframework/asm/Context;I)V @ 1446
Event: 4.207 Thread 0x0000000002963800 Uncommon trap: reason=bimorphic action=maybe_recompile pc=0x0000000002ae4750 method=java.util.concurrent.ConcurrentHashMap$Segment.put(Ljava/lang/Object;ILjava/lang/Object;Z)Ljava/lang/Object; @ 77

Internal exceptions (10 events):
Event: 60.373 Thread 0x0000000002963800 Threw 0x00000007d9060340 at C:\re\jdk7u51\527\hotspot\src\share\vm\prims\jvm.cpp:1244
Event: 60.374 Thread 0x0000000002963800 Threw 0x00000007d9066808 at C:\re\jdk7u51\527\hotspot\src\share\vm\prims\jvm.cpp:1244
Event: 60.378 Thread 0x0000000002963800 Threw 0x00000007d906cda0 at C:\re\jdk7u51\527\hotspot\src\share\vm\prims\jvm.cpp:1244
Event: 60.381 Thread 0x0000000002963800 Threw 0x00000007d90793b8 at C:\re\jdk7u51\527\hotspot\src\share\vm\prims\jvm.cpp:1244
Event: 60.383 Thread 0x0000000002963800 Threw 0x00000007d907f940 at C:\re\jdk7u51\527\hotspot\src\share\vm\prims\jvm.cpp:1244
Event: 60.388 Thread 0x0000000002963800 Threw 0x00000007d908b620 at C:\re\jdk7u51\527\hotspot\src\share\vm\prims\jvm.cpp:1244
Event: 60.391 Thread 0x0000000002963800 Threw 0x00000007d9092c50 at C:\re\jdk7u51\527\hotspot\src\share\vm\prims\jvm.cpp:1244
Event: 60.394 Thread 0x0000000002963800 Threw 0x00000007d90998d0 at C:\re\jdk7u51\527\hotspot\src\share\vm\prims\jvm.cpp:1244
Event: 60.494 Thread 0x0000000002963800 Threw 0x00000007d90edac8 at C:\re\jdk7u51\527\hotspot\src\share\vm\prims\jvm.cpp:1244
Event: 60.498 Thread 0x0000000002963800 Threw 0x00000007d90faa38 at C:\re\jdk7u51\527\hotspot\src\share\vm\prims\jvm.cpp:1244

Events (10 events):
Event: 322.340 Executing VM operation: ChangeSingleStep
Event: 322.340 Executing VM operation: ChangeSingleStep done
Event: 322.375 Executing VM operation: GetOrSetLocal
Event: 322.375 Executing VM operation: GetOrSetLocal done
Event: 322.377 Executing VM operation: GetOrSetLocal
Event: 322.377 Executing VM operation: GetOrSetLocal done
Event: 322.512 Executing VM operation: GetOrSetLocal
Event: 322.512 Executing VM operation: GetOrSetLocal done
Event: 322.512 Executing VM operation: GetOrSetLocal
Event: 322.512 Executing VM operation: GetOrSetLocal done


Dynamic libraries:
0x00007ff792330000 - 0x00007ff792363000 	D:\program\jdk7u51\bin\javaw.exe
0x00007ffaaec80000 - 0x00007ffaaee2c000 	C:\Windows\SYSTEM32\ntdll.dll
0x00007ffaacd70000 - 0x00007ffaaceae000 	C:\Windows\system32\KERNEL32.DLL
0x00007ffaabea0000 - 0x00007ffaabfb5000 	C:\Windows\system32\KERNELBASE.dll
0x00007ffaaa980000 - 0x00007ffaaaa0e000 	C:\Windows\system32\apphelp.dll
0x00007ffa9ed60000 - 0x00007ffa9edb3000 	C:\Windows\AppPatch\AppPatch64\AcGenral.DLL
0x00007ffaac850000 - 0x00007ffaac8fa000 	C:\Windows\system32\msvcrt.dll
0x00007ffaabbf0000 - 0x00007ffaabc1e000 	C:\Windows\SYSTEM32\SspiCli.dll
0x00007ffaacb70000 - 0x00007ffaacbc4000 	C:\Windows\system32\SHLWAPI.dll
0x00007ffaacec0000 - 0x00007ffaad037000 	C:\Windows\system32\USER32.dll
0x00007ffaaeae0000 - 0x00007ffaaec74000 	C:\Windows\system32\ole32.dll
0x00007ffaad270000 - 0x00007ffaae789000 	C:\Windows\system32\SHELL32.dll
0x00007ffaab370000 - 0x00007ffaab391000 	C:\Windows\SYSTEM32\USERENV.dll
0x00007ffaac5e0000 - 0x00007ffaac68a000 	C:\Windows\system32\ADVAPI32.dll
0x00007ffaa2510000 - 0x00007ffaa252e000 	C:\Windows\SYSTEM32\MPR.dll
0x00007ffaad110000 - 0x00007ffaad251000 	C:\Windows\system32\RPCRT4.dll
0x00007ffaac7f0000 - 0x00007ffaac849000 	C:\Windows\SYSTEM32\sechost.dll
0x00007ffaac3c0000 - 0x00007ffaac5d1000 	C:\Windows\SYSTEM32\combase.dll
0x00007ffaacc10000 - 0x00007ffaacd61000 	C:\Windows\system32\GDI32.dll
0x00007ffaabdd0000 - 0x00007ffaabde5000 	C:\Windows\SYSTEM32\profapi.dll
0x00007ffaaa190000 - 0x00007ffaaa242000 	C:\Windows\SYSTEM32\SHCORE.dll
0x00007ffaacbd0000 - 0x00007ffaacc06000 	C:\Windows\system32\IMM32.DLL
0x00007ffaac690000 - 0x00007ffaac7e3000 	C:\Windows\system32\MSCTF.dll
0x00007ffaa9a30000 - 0x00007ffaa9cab000 	C:\Windows\WinSxS\amd64_microsoft.windows.common-controls_6595b64144ccf1df_6.0.9600.17415_none_6240486fecbd8abb\COMCTL32.dll
0x000000006f6c0000 - 0x000000006f792000 	D:\program\jdk7u51\jre\bin\msvcr100.dll
0x000000006eef0000 - 0x000000006f6b9000 	D:\program\jdk7u51\jre\bin\server\jvm.dll
0x00007ffaaaab0000 - 0x00007ffaaaab9000 	C:\Windows\SYSTEM32\WSOCK32.dll
0x00007ffaa82e0000 - 0x00007ffaa8302000 	C:\Windows\SYSTEM32\WINMM.dll
0x00007ffaae790000 - 0x00007ffaae797000 	C:\Windows\system32\PSAPI.DLL
0x00007ffaac900000 - 0x00007ffaac95a000 	C:\Windows\system32\WS2_32.dll
0x00007ffaa7fb0000 - 0x00007ffaa7fda000 	C:\Windows\SYSTEM32\WINMMBASE.dll
0x00007ffaaceb0000 - 0x00007ffaaceb9000 	C:\Windows\system32\NSI.dll
0x00007ffaabfc0000 - 0x00007ffaac00f000 	C:\Windows\SYSTEM32\cfgmgr32.dll
0x00007ffaaabd0000 - 0x00007ffaaabf8000 	C:\Windows\SYSTEM32\DEVOBJ.dll
0x000000006eee0000 - 0x000000006eeef000 	D:\program\jdk7u51\jre\bin\verify.dll
0x000000006eeb0000 - 0x000000006eed8000 	D:\program\jdk7u51\jre\bin\java.dll
0x000000006ee70000 - 0x000000006eea5000 	D:\program\jdk7u51\jre\bin\jdwp.dll
0x000000006ee60000 - 0x000000006ee68000 	D:\program\jdk7u51\jre\bin\npt.dll
0x000000006ee40000 - 0x000000006ee55000 	D:\program\jdk7u51\jre\bin\zip.dll
0x000000006ee30000 - 0x000000006ee39000 	D:\program\jdk7u51\jre\bin\dt_socket.dll
0x00007ffaa3600000 - 0x00007ffaa3615000 	C:\Windows\system32\napinsp.dll
0x00007ffaa3620000 - 0x00007ffaa363a000 	C:\Windows\system32\pnrpnsp.dll
0x00007ffaa7d00000 - 0x00007ffaa7d1b000 	C:\Windows\system32\NLAapi.dll
0x00007ffaab5e0000 - 0x00007ffaab639000 	C:\Windows\System32\mswsock.dll
0x00007ffaab3e0000 - 0x00007ffaab484000 	C:\Windows\SYSTEM32\DNSAPI.dll
0x00007ffaa3640000 - 0x00007ffaa364d000 	C:\Windows\System32\winrnr.dll
0x00007ffaa3650000 - 0x00007ffaa3664000 	C:\Windows\system32\wshbth.dll
0x00007ffaa69a0000 - 0x00007ffaa6a0b000 	C:\Windows\System32\fwpuclnt.dll
0x00007ffaa3790000 - 0x00007ffaa379a000 	C:\Windows\System32\rasadhlp.dll
0x000000006ee10000 - 0x000000006ee29000 	D:\program\jdk7u51\jre\bin\net.dll
0x000000006edf0000 - 0x000000006ee01000 	D:\program\jdk7u51\jre\bin\nio.dll
0x00007ffaab640000 - 0x00007ffaab660000 	C:\Windows\SYSTEM32\CRYPTSP.dll
0x00007ffaab260000 - 0x00007ffaab296000 	C:\Windows\system32\rsaenh.dll
0x00007ffaab890000 - 0x00007ffaab8b6000 	C:\Windows\SYSTEM32\bcrypt.dll
0x00007ffaabc30000 - 0x00007ffaabc93000 	C:\Windows\system32\bcryptprimitives.dll
0x00007ffaabca0000 - 0x00007ffaabcab000 	C:\Windows\SYSTEM32\CRYPTBASE.dll
0x00007ffaa7650000 - 0x00007ffaa767a000 	C:\Windows\SYSTEM32\IPHLPAPI.DLL
0x00007ffaa7620000 - 0x00007ffaa762a000 	C:\Windows\SYSTEM32\WINNSI.DLL
0x00007ffaa42c0000 - 0x00007ffaa444a000 	C:\Windows\SYSTEM32\dbghelp.dll

VM Arguments:
jvm_args: -agentlib:jdwp=transport=dt_socket,suspend=y,address=localhost:59181 -Dfile.encoding=UTF-8 
java_command: org.eclipse.jdt.internal.junit.runner.RemoteTestRunner -version 3 -port 59180 -testLoaderClass org.eclipse.jdt.internal.junit4.runner.JUnit4TestLoader -loaderpluginname org.eclipse.jdt.junit4.runtime -test com.cargo.controller.TestOrderController:save
Launcher Type: SUN_STANDARD

Environment Variables:
JAVA_HOME=D:\program\jdk7u51
PATH=D:\program\jdk7u51\jre\bin;C:\Windows\system32;C:\Windows;C:\Windows\System32\Wbem;C:\Windows\System32\WindowsPowerShell\v1.0\;JAVA_HOME\bin;D:\program\python;D:\program\apache-maven-3.1.0\bin;D:\program\python\Scripts
USERNAME=warmerhu
OS=Windows_NT
PROCESSOR_IDENTIFIER=Intel64 Family 6 Model 58 Stepping 9, GenuineIntel



---------------  S Y S T E M  ---------------

OS: Windows 8 , 64 bit Build 9200 

CPU:total 4 (2 cores per cpu, 2 threads per core) family 6 model 58 stepping 9, cmov, cx8, fxsr, mmx, sse, sse2, sse3, ssse3, sse4.1, sse4.2, popcnt, avx, aes, erms, ht, tsc, tscinvbit, tscinv

Memory: 4k page, physical 8260888k(4419816k free), swap 9999632k(4439700k free)

vm_info: Java HotSpot(TM) 64-Bit Server VM (24.51-b03) for windows-amd64 JRE (1.7.0_51-b13), built on Dec 18 2013 18:40:56 by "java_re" with unknown MS VC++:1600

time: Tue May 05 20:39:06 2015
elapsed time: 322 seconds

