#
# A fatal error has been detected by the Java Runtime Environment:
#
#  EXCEPTION_ACCESS_VIOLATION (0xc0000005) at pc=0x000000006ef44419, pid=15696, tid=20112
#
# JRE version: Java(TM) SE Runtime Environment (7.0_51-b13) (build 1.7.0_51-b13)
# Java VM: Java HotSpot(TM) 64-Bit Server VM (24.51-b03 mixed mode windows-amd64 compressed oops)
# Problematic frame:
# V  [jvm.dll+0x54419]
#
# Failed to write core dump. Minidumps are not enabled by default on client versions of Windows
#
# If you would like to submit a bug report, please visit:
#   http://bugreport.sun.com/bugreport/crash.jsp
#

---------------  T H R E A D  ---------------

Current thread (0x000000000b2ec800):  JavaThread "JDWP Transport Listener: dt_socket" daemon [_thread_in_vm, id=20112, stack(0x000000000c830000,0x000000000c930000)]

siginfo: ExceptionCode=0xc0000005, reading address 0x000000000000000c

Registers:
RAX=0x000000000000000c, RBX=0x000000000b2ec800, RCX=0x0000000000000003, RDX=0x0000000000000000
RSP=0x000000000c92f5b0, RBP=0x000000000000000c, RSI=0x0000000000000000, RDI=0x0000000000000010
R8 =0x00000007d91bc960, R9 =0x0000000000000000, R10=0x0000000000000000, R11=0x0000000000000001
R12=0x0000000000000000, R13=0x000000000b2e4458, R14=0x0000000000000000, R15=0x0000000000000000
RIP=0x000000006ef44419, EFLAGS=0x0000000000010246

Top of Stack: (sp=0x000000000c92f5b0)
0x000000000c92f5b0:   000000000b2ec800 0000000000000000
0x000000000c92f5c0:   0000000000000000 000000000b2ec800
0x000000000c92f5d0:   0000000000000000 000000006f00b2b7
0x000000000c92f5e0:   00000007d91bc960 000000000c92f700
0x000000000c92f5f0:   000000000b311ad8 000000000c92f6d0
0x000000000c92f600:   000000000b2ec800 0000000000000000
0x000000000c92f610:   000000000b311ad8 000000000c92f700
0x000000000c92f620:   0000000000000000 000000000b2e4458
0x000000000c92f630:   0000000000000000 000000006ee77d15
0x000000000c92f640:   000000000c92f6d0 000000000c92f700
0x000000000c92f650:   000000000b311ad8 000000000b2ec9e8
0x000000000c92f660:   000000000ddb7b0a 000000006ee7f08c
0x000000000c92f670:   000000000b010a01 000000000c92f770
0x000000000c92f680:   000000000b2e4001 000000000dfc2300
0x000000000c92f690:   000076fa00000013 000000000b010a00
0x000000000c92f6a0:   000000000b301ff0 000000006f07bcca 

Instructions: (pc=0x000000006ef44419)
0x000000006ef443f9:   d2 48 8b c5 eb 18 48 8b d0 48 8b c5 48 d3 e2 48
0x000000006ef44409:   03 15 a1 74 69 00 eb 06 48 8b 12 48 8b c7 48 98
0x000000006ef44419:   8b 14 10 85 d2 74 2a 45 84 db 4c 63 c6 48 0f 45
0x000000006ef44429:   fd 8d 47 0b 48 63 c8 48 83 e1 f8 48 c1 e9 03 8d 


Register to memory mapping:

RAX=0x000000000000000c is an unknown value
RBX=0x000000000b2ec800 is a thread
RCX=0x0000000000000003 is an unknown value
RDX=0x0000000000000000 is an unknown value
RSP=0x000000000c92f5b0 is pointing into the stack for thread: 0x000000000b2ec800
RBP=0x000000000000000c is an unknown value
RSI=0x0000000000000000 is an unknown value
RDI=0x0000000000000010 is an unknown value
R8 =0x00000007d91bc960 is an oop
java.lang.String 
 - klass: 'java/lang/String'
R9 =0x0000000000000000 is an unknown value
R10=0x0000000000000000 is an unknown value
R11=0x0000000000000001 is an unknown value
R12=0x0000000000000000 is an unknown value
R13=0x000000000b2e4458 is an unknown value
R14=0x0000000000000000 is an unknown value
R15=0x0000000000000000 is an unknown value


Stack: [0x000000000c830000,0x000000000c930000],  sp=0x000000000c92f5b0,  free space=1021k
Native frames: (J=compiled Java code, j=interpreted, Vv=VM code, C=native code)
V  [jvm.dll+0x54419]


---------------  P R O C E S S  ---------------

Java Threads: ( => current thread )
  0x000000000d3a7800 JavaThread "Abandoned connection cleanup thread" daemon [_thread_blocked, id=20784, stack(0x000000000ec00000,0x000000000ed00000)]
  0x000000000d3be800 JavaThread "ReaderThread" [_thread_in_native, id=20292, stack(0x000000000db30000,0x000000000dc30000)]
  0x000000000b31e000 JavaThread "Service Thread" daemon [_thread_blocked, id=3532, stack(0x000000000cd30000,0x000000000ce30000)]
  0x000000000b315000 JavaThread "C2 CompilerThread1" daemon [_thread_blocked, id=15876, stack(0x000000000cc30000,0x000000000cd30000)]
  0x000000000b313800 JavaThread "C2 CompilerThread0" daemon [_thread_blocked, id=10848, stack(0x000000000cb30000,0x000000000cc30000)]
  0x000000000b2fd000 JavaThread "JDWP Command Reader" daemon [_thread_in_native, id=14120, stack(0x000000000ca30000,0x000000000cb30000)]
  0x000000000b2fa000 JavaThread "JDWP Event Helper Thread" daemon [_thread_blocked, id=16572, stack(0x000000000c930000,0x000000000ca30000)]
=>0x000000000b2ec800 JavaThread "JDWP Transport Listener: dt_socket" daemon [_thread_in_vm, id=20112, stack(0x000000000c830000,0x000000000c930000)]
  0x000000000b2e4800 JavaThread "Attach Listener" daemon [_thread_blocked, id=20216, stack(0x000000000c730000,0x000000000c830000)]
  0x000000000b2e2000 JavaThread "Signal Dispatcher" daemon [_thread_blocked, id=20408, stack(0x000000000c630000,0x000000000c730000)]
  0x000000000b291800 JavaThread "Finalizer" daemon [_thread_blocked, id=20024, stack(0x000000000c530000,0x000000000c630000)]
  0x000000000b286800 JavaThread "Reference Handler" daemon [_thread_blocked, id=19288, stack(0x000000000c430000,0x000000000c530000)]
  0x0000000002ec3800 JavaThread "main" [_thread_blocked, id=20312, stack(0x0000000002a60000,0x0000000002b60000)]

Other Threads:
  0x000000000b283000 VMThread [stack: 0x000000000c330000,0x000000000c430000] [id=4932]
  0x000000000ce60800 WatcherThread [stack: 0x000000000d230000,0x000000000d330000] [id=12608]

VM state:not at safepoint (normal execution)

VM Mutex/Monitor currently owned by a thread: None

Heap
 PSYoungGen      total 70656K, used 58209K [0x00000007d5f00000, 0x00000007dfa00000, 0x0000000800000000)
  eden space 65536K, 81% used [0x00000007d5f00000,0x00000007d92d8c80,0x00000007d9f00000)
  from space 5120K, 99% used [0x00000007d9f00000,0x00000007da3ff8f0,0x00000007da400000)
  to   space 13824K, 0% used [0x00000007dec80000,0x00000007dec80000,0x00000007dfa00000)
 ParOldGen       total 86016K, used 13681K [0x0000000781e00000, 0x0000000787200000, 0x00000007d5f00000)
  object space 86016K, 15% used [0x0000000781e00000,0x0000000782b5c418,0x0000000787200000)
 PSPermGen       total 35328K, used 35187K [0x000000077cc00000, 0x000000077ee80000, 0x0000000781e00000)
  object space 35328K, 99% used [0x000000077cc00000,0x000000077ee5ced0,0x000000077ee80000)

Card table byte_map: [0x0000000006080000,0x00000000064a0000] byte_map_base: 0x000000000249a000

Polling page: 0x00000000012f0000

Code Cache  [0x0000000002fc0000, 0x0000000003230000, 0x0000000005fc0000)
 total_blobs=773 nmethods=339 adapters=393 free_code_cache=47651Kb largest_free_block=48750720

Compilation events (10 events):
Event: 84.565 Thread 0x000000000b315000 nmethod 354 0x000000000312c750 code [0x000000000312c900, 0x000000000312d688]
Event: 84.565 Thread 0x000000000b315000  357             com.mysql.jdbc.util.ReadAheadInputStream::read (54 bytes)
Event: 84.567 Thread 0x000000000b315000 nmethod 357 0x0000000003084790 code [0x00000000030848e0, 0x0000000003084a28]
Event: 84.567 Thread 0x000000000b315000  358             java.util.HashMap$Entry::getValue (5 bytes)
Event: 84.567 Thread 0x000000000b315000 nmethod 358 0x000000000312ad50 code [0x000000000312ae80, 0x000000000312aef8]
Event: 84.595 Thread 0x000000000b313800 nmethod 356 0x000000000313dbd0 code [0x000000000313df80, 0x000000000313fe80]
Event: 118.951 Thread 0x000000000b315000  359             java.nio.Buffer::nextGetIndex (31 bytes)
Event: 118.952 Thread 0x000000000b315000 nmethod 359 0x000000000312b010 code [0x000000000312b140, 0x000000000312b1b8]
Event: 245.792 Thread 0x000000000b313800  360             sun.nio.cs.UTF_8$Encoder::encodeBufferLoop (326 bytes)
Event: 245.804 Thread 0x000000000b313800 nmethod 360 0x000000000313a250 code [0x000000000313a4a0, 0x000000000313ae88]

GC Heap History (10 events):
Event: 1.233 GC heap before
{Heap before GC invocations=1 (full 0):
 PSYoungGen      total 37888K, used 32768K [0x00000007d5f00000, 0x00000007d8900000, 0x0000000800000000)
  eden space 32768K, 100% used [0x00000007d5f00000,0x00000007d7f00000,0x00000007d7f00000)
  from space 5120K, 0% used [0x00000007d8400000,0x00000007d8400000,0x00000007d8900000)
  to   space 5120K, 0% used [0x00000007d7f00000,0x00000007d7f00000,0x00000007d8400000)
 ParOldGen       total 86016K, used 0K [0x0000000781e00000, 0x0000000787200000, 0x00000007d5f00000)
  object space 86016K, 0% used [0x0000000781e00000,0x0000000781e00000,0x0000000787200000)
 PSPermGen       total 21504K, used 10598K [0x000000077cc00000, 0x000000077e100000, 0x0000000781e00000)
  object space 21504K, 49% used [0x000000077cc00000,0x000000077d659840,0x000000077e100000)
Event: 1.245 GC heap after
Heap after GC invocations=1 (full 0):
 PSYoungGen      total 37888K, used 5098K [0x00000007d5f00000, 0x00000007d8900000, 0x0000000800000000)
  eden space 32768K, 0% used [0x00000007d5f00000,0x00000007d5f00000,0x00000007d7f00000)
  from space 5120K, 99% used [0x00000007d7f00000,0x00000007d83fa838,0x00000007d8400000)
  to   space 5120K, 0% used [0x00000007d8400000,0x00000007d8400000,0x00000007d8900000)
 ParOldGen       total 86016K, used 109K [0x0000000781e00000, 0x0000000787200000, 0x00000007d5f00000)
  object space 86016K, 0% used [0x0000000781e00000,0x0000000781e1b770,0x0000000787200000)
 PSPermGen       total 21504K, used 10598K [0x000000077cc00000, 0x000000077e100000, 0x0000000781e00000)
  object space 21504K, 49% used [0x000000077cc00000,0x000000077d659840,0x000000077e100000)
}
Event: 1.786 GC heap before
{Heap before GC invocations=2 (full 0):
 PSYoungGen      total 37888K, used 37866K [0x00000007d5f00000, 0x00000007d8900000, 0x0000000800000000)
  eden space 32768K, 100% used [0x00000007d5f00000,0x00000007d7f00000,0x00000007d7f00000)
  from space 5120K, 99% used [0x00000007d7f00000,0x00000007d83fa838,0x00000007d8400000)
  to   space 5120K, 0% used [0x00000007d8400000,0x00000007d8400000,0x00000007d8900000)
 ParOldGen       total 86016K, used 109K [0x0000000781e00000, 0x0000000787200000, 0x00000007d5f00000)
  object space 86016K, 0% used [0x0000000781e00000,0x0000000781e1b770,0x0000000787200000)
 PSPermGen       total 21504K, used 12832K [0x000000077cc00000, 0x000000077e100000, 0x0000000781e00000)
  object space 21504K, 59% used [0x000000077cc00000,0x000000077d8881b0,0x000000077e100000)
Event: 1.804 GC heap after
Heap after GC invocations=2 (full 0):
 PSYoungGen      total 37888K, used 4752K [0x00000007d5f00000, 0x00000007da900000, 0x0000000800000000)
  eden space 32768K, 0% used [0x00000007d5f00000,0x00000007d5f00000,0x00000007d7f00000)
  from space 5120K, 92% used [0x00000007d8400000,0x00000007d88a4268,0x00000007d8900000)
  to   space 5120K, 0% used [0x00000007d7f00000,0x00000007d7f00000,0x00000007d8400000)
 ParOldGen       total 86016K, used 181K [0x0000000781e00000, 0x0000000787200000, 0x00000007d5f00000)
  object space 86016K, 0% used [0x0000000781e00000,0x0000000781e2d780,0x0000000787200000)
 PSPermGen       total 21504K, used 12832K [0x000000077cc00000, 0x000000077e100000, 0x0000000781e00000)
  object space 21504K, 59% used [0x000000077cc00000,0x000000077d8881b0,0x000000077e100000)
}
Event: 2.402 GC heap before
{Heap before GC invocations=3 (full 0):
 PSYoungGen      total 37888K, used 37520K [0x00000007d5f00000, 0x00000007da900000, 0x0000000800000000)
  eden space 32768K, 100% used [0x00000007d5f00000,0x00000007d7f00000,0x00000007d7f00000)
  from space 5120K, 92% used [0x00000007d8400000,0x00000007d88a4268,0x00000007d8900000)
  to   space 5120K, 0% used [0x00000007d7f00000,0x00000007d7f00000,0x00000007d8400000)
 ParOldGen       total 86016K, used 181K [0x0000000781e00000, 0x0000000787200000, 0x00000007d5f00000)
  object space 86016K, 0% used [0x0000000781e00000,0x0000000781e2d780,0x0000000787200000)
 PSPermGen       total 21504K, used 17150K [0x000000077cc00000, 0x000000077e100000, 0x0000000781e00000)
  object space 21504K, 79% used [0x000000077cc00000,0x000000077dcbf940,0x000000077e100000)
Event: 2.412 GC heap after
Heap after GC invocations=3 (full 0):
 PSYoungGen      total 37888K, used 5088K [0x00000007d5f00000, 0x00000007da900000, 0x0000000800000000)
  eden space 32768K, 0% used [0x00000007d5f00000,0x00000007d5f00000,0x00000007d7f00000)
  from space 5120K, 99% used [0x00000007d7f00000,0x00000007d83f8068,0x00000007d8400000)
  to   space 5120K, 0% used [0x00000007da400000,0x00000007da400000,0x00000007da900000)
 ParOldGen       total 86016K, used 1529K [0x0000000781e00000, 0x0000000787200000, 0x00000007d5f00000)
  object space 86016K, 1% used [0x0000000781e00000,0x0000000781f7e740,0x0000000787200000)
 PSPermGen       total 21504K, used 17150K [0x000000077cc00000, 0x000000077e100000, 0x0000000781e00000)
  object space 21504K, 79% used [0x000000077cc00000,0x000000077dcbf940,0x000000077e100000)
}
Event: 3.133 GC heap before
{Heap before GC invocations=4 (full 0):
 PSYoungGen      total 37888K, used 37856K [0x00000007d5f00000, 0x00000007da900000, 0x0000000800000000)
  eden space 32768K, 100% used [0x00000007d5f00000,0x00000007d7f00000,0x00000007d7f00000)
  from space 5120K, 99% used [0x00000007d7f00000,0x00000007d83f8068,0x00000007d8400000)
  to   space 5120K, 0% used [0x00000007da400000,0x00000007da400000,0x00000007da900000)
 ParOldGen       total 86016K, used 1529K [0x0000000781e00000, 0x0000000787200000, 0x00000007d5f00000)
  object space 86016K, 1% used [0x0000000781e00000,0x0000000781f7e740,0x0000000787200000)
 PSPermGen       total 23040K, used 22529K [0x000000077cc00000, 0x000000077e280000, 0x0000000781e00000)
  object space 23040K, 97% used [0x000000077cc00000,0x000000077e2005f0,0x000000077e280000)
Event: 3.148 GC heap after
Heap after GC invocations=4 (full 0):
 PSYoungGen      total 70656K, used 5114K [0x00000007d5f00000, 0x00000007da900000, 0x0000000800000000)
  eden space 65536K, 0% used [0x00000007d5f00000,0x00000007d5f00000,0x00000007d9f00000)
  from space 5120K, 99% used [0x00000007da400000,0x00000007da8fea90,0x00000007da900000)
  to   space 5120K, 0% used [0x00000007d9f00000,0x00000007d9f00000,0x00000007da400000)
 ParOldGen       total 86016K, used 4350K [0x0000000781e00000, 0x0000000787200000, 0x00000007d5f00000)
  object space 86016K, 5% used [0x0000000781e00000,0x000000078223f950,0x0000000787200000)
 PSPermGen       total 23040K, used 22529K [0x000000077cc00000, 0x000000077e280000, 0x0000000781e00000)
  object space 23040K, 97% used [0x000000077cc00000,0x000000077e2005f0,0x000000077e280000)
}
Event: 10.475 GC heap before
{Heap before GC invocations=5 (full 0):
 PSYoungGen      total 70656K, used 70650K [0x00000007d5f00000, 0x00000007da900000, 0x0000000800000000)
  eden space 65536K, 100% used [0x00000007d5f00000,0x00000007d9f00000,0x00000007d9f00000)
  from space 5120K, 99% used [0x00000007da400000,0x00000007da8fea90,0x00000007da900000)
  to   space 5120K, 0% used [0x00000007d9f00000,0x00000007d9f00000,0x00000007da400000)
 ParOldGen       total 86016K, used 4350K [0x0000000781e00000, 0x0000000787200000, 0x00000007d5f00000)
  object space 86016K, 5% used [0x0000000781e00000,0x000000078223f950,0x0000000787200000)
 PSPermGen       total 30208K, used 29958K [0x000000077cc00000, 0x000000077e980000, 0x0000000781e00000)
  object space 30208K, 99% used [0x000000077cc00000,0x000000077e941af0,0x000000077e980000)
Event: 10.500 GC heap after
Heap after GC invocations=5 (full 0):
 PSYoungGen      total 70656K, used 5118K [0x00000007d5f00000, 0x00000007dfa00000, 0x0000000800000000)
  eden space 65536K, 0% used [0x00000007d5f00000,0x00000007d5f00000,0x00000007d9f00000)
  from space 5120K, 99% used [0x00000007d9f00000,0x00000007da3ff8f0,0x00000007da400000)
  to   space 13824K, 0% used [0x00000007dec80000,0x00000007dec80000,0x00000007dfa00000)
 ParOldGen       total 86016K, used 13681K [0x0000000781e00000, 0x0000000787200000, 0x00000007d5f00000)
  object space 86016K, 15% used [0x0000000781e00000,0x0000000782b5c418,0x0000000787200000)
 PSPermGen       total 30208K, used 29958K [0x000000077cc00000, 0x000000077e980000, 0x0000000781e00000)
  object space 30208K, 99% used [0x000000077cc00000,0x000000077e941af0,0x000000077e980000)
}

Deoptimization events (10 events):
Event: 4.259 Thread 0x0000000002ec3800 Uncommon trap: reason=range_check action=none pc=0x0000000003049f24 method=sun.reflect.generics.parser.SignatureParser.current()C @ 34
Event: 4.266 Thread 0x0000000002ec3800 Uncommon trap: reason=range_check action=none pc=0x0000000003049f24 method=sun.reflect.generics.parser.SignatureParser.current()C @ 34
Event: 4.294 Thread 0x0000000002ec3800 Uncommon trap: reason=range_check action=none pc=0x0000000003049f24 method=sun.reflect.generics.parser.SignatureParser.current()C @ 34
Event: 4.300 Thread 0x0000000002ec3800 Uncommon trap: reason=class_check action=maybe_recompile pc=0x00000000030a906c method=org.springframework.asm.ClassReader.readCode(Lorg/springframework/asm/MethodVisitor;Lorg/springframework/asm/Context;I)V @ 1446
Event: 4.300 Thread 0x0000000002ec3800 Uncommon trap: reason=class_check action=maybe_recompile pc=0x00000000030a906c method=org.springframework.asm.ClassReader.readCode(Lorg/springframework/asm/MethodVisitor;Lorg/springframework/asm/Context;I)V @ 1446
Event: 4.300 Thread 0x0000000002ec3800 Uncommon trap: reason=bimorphic action=maybe_recompile pc=0x000000000303d4d0 method=java.util.concurrent.ConcurrentHashMap$Segment.put(Ljava/lang/Object;ILjava/lang/Object;Z)Ljava/lang/Object; @ 77
Event: 4.300 Thread 0x0000000002ec3800 Uncommon trap: reason=class_check action=maybe_recompile pc=0x00000000030a906c method=org.springframework.asm.ClassReader.readCode(Lorg/springframework/asm/MethodVisitor;Lorg/springframework/asm/Context;I)V @ 1446
Event: 4.300 Thread 0x0000000002ec3800 Uncommon trap: reason=bimorphic action=maybe_recompile pc=0x000000000303d4d0 method=java.util.concurrent.ConcurrentHashMap$Segment.put(Ljava/lang/Object;ILjava/lang/Object;Z)Ljava/lang/Object; @ 77
Event: 4.300 Thread 0x0000000002ec3800 Uncommon trap: reason=class_check action=maybe_recompile pc=0x00000000030a906c method=org.springframework.asm.ClassReader.readCode(Lorg/springframework/asm/MethodVisitor;Lorg/springframework/asm/Context;I)V @ 1446
Event: 4.300 Thread 0x0000000002ec3800 Uncommon trap: reason=bimorphic action=maybe_recompile pc=0x000000000303d4d0 method=java.util.concurrent.ConcurrentHashMap$Segment.put(Ljava/lang/Object;ILjava/lang/Object;Z)Ljava/lang/Object; @ 77

Internal exceptions (10 events):
Event: 272.594 Thread 0x0000000002ec3800 Threw 0x00000007d916d2b0 at C:\re\jdk7u51\527\hotspot\src\share\vm\prims\jvm.cpp:1244
Event: 272.595 Thread 0x0000000002ec3800 Threw 0x00000007d9175bf0 at C:\re\jdk7u51\527\hotspot\src\share\vm\prims\jvm.cpp:1244
Event: 272.595 Thread 0x0000000002ec3800 Threw 0x00000007d917cea8 at C:\re\jdk7u51\527\hotspot\src\share\vm\prims\jvm.cpp:1244
Event: 272.596 Thread 0x0000000002ec3800 Threw 0x00000007d91849f8 at C:\re\jdk7u51\527\hotspot\src\share\vm\prims\jvm.cpp:1244
Event: 272.597 Thread 0x0000000002ec3800 Threw 0x00000007d918c380 at C:\re\jdk7u51\527\hotspot\src\share\vm\prims\jvm.cpp:1244
Event: 272.597 Thread 0x0000000002ec3800 Threw 0x00000007d9194018 at C:\re\jdk7u51\527\hotspot\src\share\vm\prims\jvm.cpp:1244
Event: 272.598 Thread 0x0000000002ec3800 Threw 0x00000007d919aed0 at C:\re\jdk7u51\527\hotspot\src\share\vm\prims\jvm.cpp:1244
Event: 272.599 Thread 0x0000000002ec3800 Threw 0x00000007d91a3300 at C:\re\jdk7u51\527\hotspot\src\share\vm\prims\jvm.cpp:1244
Event: 272.600 Thread 0x0000000002ec3800 Threw 0x00000007d91ab400 at C:\re\jdk7u51\527\hotspot\src\share\vm\prims\jvm.cpp:1244
Event: 272.601 Thread 0x0000000002ec3800 Threw 0x00000007d91b36b8 at C:\re\jdk7u51\527\hotspot\src\share\vm\prims\jvm.cpp:1244

Events (10 events):
Event: 366.843 Executing VM operation: EnterInterpOnlyMode
Event: 366.843 Executing VM operation: EnterInterpOnlyMode done
Event: 366.843 Executing VM operation: GetCurrentLocation
Event: 366.843 Executing VM operation: GetCurrentLocation done
Event: 366.843 Executing VM operation: ChangeSingleStep
Event: 366.843 Executing VM operation: ChangeSingleStep done
Event: 366.844 Executing VM operation: ChangeSingleStep
Event: 366.844 Executing VM operation: ChangeSingleStep done
Event: 366.856 Executing VM operation: GetOrSetLocal
Event: 366.856 Executing VM operation: GetOrSetLocal done


Dynamic libraries:
0x00007ff792330000 - 0x00007ff792363000 	D:\program\jdk7u51\bin\javaw.exe
0x00007ffaaec80000 - 0x00007ffaaee2c000 	C:\Windows\SYSTEM32\ntdll.dll
0x00007ffaacd70000 - 0x00007ffaaceae000 	C:\Windows\system32\KERNEL32.DLL
0x00007ffaabea0000 - 0x00007ffaabfb5000 	C:\Windows\system32\KERNELBASE.dll
0x00007ffaaa980000 - 0x00007ffaaaa0e000 	C:\Windows\system32\apphelp.dll
0x00007ffa9ed60000 - 0x00007ffa9edb3000 	C:\Windows\AppPatch\AppPatch64\AcGenral.DLL
0x00007ffaac850000 - 0x00007ffaac8fa000 	C:\Windows\system32\msvcrt.dll
0x00007ffaabbf0000 - 0x00007ffaabc1e000 	C:\Windows\SYSTEM32\SspiCli.dll
0x00007ffaacb70000 - 0x00007ffaacbc4000 	C:\Windows\system32\SHLWAPI.dll
0x00007ffaacec0000 - 0x00007ffaad037000 	C:\Windows\system32\USER32.dll
0x00007ffaaeae0000 - 0x00007ffaaec74000 	C:\Windows\system32\ole32.dll
0x00007ffaad270000 - 0x00007ffaae789000 	C:\Windows\system32\SHELL32.dll
0x00007ffaab370000 - 0x00007ffaab391000 	C:\Windows\SYSTEM32\USERENV.dll
0x00007ffaac5e0000 - 0x00007ffaac68a000 	C:\Windows\system32\ADVAPI32.dll
0x00007ffaa2510000 - 0x00007ffaa252e000 	C:\Windows\SYSTEM32\MPR.dll
0x00007ffaad110000 - 0x00007ffaad251000 	C:\Windows\system32\RPCRT4.dll
0x00007ffaac7f0000 - 0x00007ffaac849000 	C:\Windows\SYSTEM32\sechost.dll
0x00007ffaac3c0000 - 0x00007ffaac5d1000 	C:\Windows\SYSTEM32\combase.dll
0x00007ffaacc10000 - 0x00007ffaacd61000 	C:\Windows\system32\GDI32.dll
0x00007ffaabdd0000 - 0x00007ffaabde5000 	C:\Windows\SYSTEM32\profapi.dll
0x00007ffaaa190000 - 0x00007ffaaa242000 	C:\Windows\SYSTEM32\SHCORE.dll
0x00007ffaacbd0000 - 0x00007ffaacc06000 	C:\Windows\system32\IMM32.DLL
0x00007ffaac690000 - 0x00007ffaac7e3000 	C:\Windows\system32\MSCTF.dll
0x00007ffaa9a30000 - 0x00007ffaa9cab000 	C:\Windows\WinSxS\amd64_microsoft.windows.common-controls_6595b64144ccf1df_6.0.9600.17415_none_6240486fecbd8abb\COMCTL32.dll
0x000000006f6c0000 - 0x000000006f792000 	D:\program\jdk7u51\jre\bin\msvcr100.dll
0x000000006eef0000 - 0x000000006f6b9000 	D:\program\jdk7u51\jre\bin\server\jvm.dll
0x00007ffaaaab0000 - 0x00007ffaaaab9000 	C:\Windows\SYSTEM32\WSOCK32.dll
0x00007ffaa82e0000 - 0x00007ffaa8302000 	C:\Windows\SYSTEM32\WINMM.dll
0x00007ffaae790000 - 0x00007ffaae797000 	C:\Windows\system32\PSAPI.DLL
0x00007ffaac900000 - 0x00007ffaac95a000 	C:\Windows\system32\WS2_32.dll
0x00007ffaa7fb0000 - 0x00007ffaa7fda000 	C:\Windows\SYSTEM32\WINMMBASE.dll
0x00007ffaaceb0000 - 0x00007ffaaceb9000 	C:\Windows\system32\NSI.dll
0x00007ffaabfc0000 - 0x00007ffaac00f000 	C:\Windows\SYSTEM32\cfgmgr32.dll
0x00007ffaaabd0000 - 0x00007ffaaabf8000 	C:\Windows\SYSTEM32\DEVOBJ.dll
0x000000006eee0000 - 0x000000006eeef000 	D:\program\jdk7u51\jre\bin\verify.dll
0x000000006eeb0000 - 0x000000006eed8000 	D:\program\jdk7u51\jre\bin\java.dll
0x000000006ee70000 - 0x000000006eea5000 	D:\program\jdk7u51\jre\bin\jdwp.dll
0x000000006ee60000 - 0x000000006ee68000 	D:\program\jdk7u51\jre\bin\npt.dll
0x000000006ee40000 - 0x000000006ee55000 	D:\program\jdk7u51\jre\bin\zip.dll
0x000000006ee30000 - 0x000000006ee39000 	D:\program\jdk7u51\jre\bin\dt_socket.dll
0x00007ffaa3600000 - 0x00007ffaa3615000 	C:\Windows\system32\napinsp.dll
0x00007ffaa3620000 - 0x00007ffaa363a000 	C:\Windows\system32\pnrpnsp.dll
0x00007ffaa7d00000 - 0x00007ffaa7d1b000 	C:\Windows\system32\NLAapi.dll
0x00007ffaab5e0000 - 0x00007ffaab639000 	C:\Windows\System32\mswsock.dll
0x00007ffaab3e0000 - 0x00007ffaab484000 	C:\Windows\SYSTEM32\DNSAPI.dll
0x00007ffaa3640000 - 0x00007ffaa364d000 	C:\Windows\System32\winrnr.dll
0x00007ffaa3650000 - 0x00007ffaa3664000 	C:\Windows\system32\wshbth.dll
0x00007ffaa69a0000 - 0x00007ffaa6a0b000 	C:\Windows\System32\fwpuclnt.dll
0x00007ffaa3790000 - 0x00007ffaa379a000 	C:\Windows\System32\rasadhlp.dll
0x000000006ee10000 - 0x000000006ee29000 	D:\program\jdk7u51\jre\bin\net.dll
0x000000006edf0000 - 0x000000006ee01000 	D:\program\jdk7u51\jre\bin\nio.dll
0x00007ffaab640000 - 0x00007ffaab660000 	C:\Windows\SYSTEM32\CRYPTSP.dll
0x00007ffaab260000 - 0x00007ffaab296000 	C:\Windows\system32\rsaenh.dll
0x00007ffaab890000 - 0x00007ffaab8b6000 	C:\Windows\SYSTEM32\bcrypt.dll
0x00007ffaabc30000 - 0x00007ffaabc93000 	C:\Windows\system32\bcryptprimitives.dll
0x00007ffaabca0000 - 0x00007ffaabcab000 	C:\Windows\SYSTEM32\CRYPTBASE.dll
0x00007ffaa7650000 - 0x00007ffaa767a000 	C:\Windows\SYSTEM32\IPHLPAPI.DLL
0x00007ffaa7620000 - 0x00007ffaa762a000 	C:\Windows\SYSTEM32\WINNSI.DLL
0x00007ffaa42c0000 - 0x00007ffaa444a000 	C:\Windows\SYSTEM32\dbghelp.dll

VM Arguments:
jvm_args: -agentlib:jdwp=transport=dt_socket,suspend=y,address=localhost:59128 -Dfile.encoding=UTF-8 
java_command: org.eclipse.jdt.internal.junit.runner.RemoteTestRunner -version 3 -port 59127 -testLoaderClass org.eclipse.jdt.internal.junit4.runner.JUnit4TestLoader -loaderpluginname org.eclipse.jdt.junit4.runtime -test com.cargo.controller.TestOrderController:save
Launcher Type: SUN_STANDARD

Environment Variables:
JAVA_HOME=D:\program\jdk7u51
PATH=D:\program\jdk7u51\jre\bin;C:\Windows\system32;C:\Windows;C:\Windows\System32\Wbem;C:\Windows\System32\WindowsPowerShell\v1.0\;JAVA_HOME\bin;D:\program\python;D:\program\apache-maven-3.1.0\bin;D:\program\python\Scripts
USERNAME=warmerhu
OS=Windows_NT
PROCESSOR_IDENTIFIER=Intel64 Family 6 Model 58 Stepping 9, GenuineIntel



---------------  S Y S T E M  ---------------

OS: Windows 8 , 64 bit Build 9200 

CPU:total 4 (2 cores per cpu, 2 threads per core) family 6 model 58 stepping 9, cmov, cx8, fxsr, mmx, sse, sse2, sse3, ssse3, sse4.1, sse4.2, popcnt, avx, aes, erms, ht, tsc, tscinvbit, tscinv

Memory: 4k page, physical 8260888k(4319784k free), swap 9999632k(4417120k free)

vm_info: Java HotSpot(TM) 64-Bit Server VM (24.51-b03) for windows-amd64 JRE (1.7.0_51-b13), built on Dec 18 2013 18:40:56 by "java_re" with unknown MS VC++:1600

time: Tue May 05 20:30:15 2015
elapsed time: 366 seconds

