#
# A fatal error has been detected by the Java Runtime Environment:
#
#  EXCEPTION_ACCESS_VIOLATION (0xc0000005) at pc=0x000000006ef44419, pid=6404, tid=8524
#
# JRE version: Java(TM) SE Runtime Environment (7.0_51-b13) (build 1.7.0_51-b13)
# Java VM: Java HotSpot(TM) 64-Bit Server VM (24.51-b03 mixed mode windows-amd64 compressed oops)
# Problematic frame:
# V  [jvm.dll+0x54419]
#
# Failed to write core dump. Minidumps are not enabled by default on client versions of Windows
#
# If you would like to submit a bug report, please visit:
#   http://bugreport.sun.com/bugreport/crash.jsp
#

---------------  T H R E A D  ---------------

Current thread (0x000000000a88c800):  JavaThread "JDWP Transport Listener: dt_socket" daemon [_thread_in_vm, id=8524, stack(0x000000000be00000,0x000000000bf00000)]

siginfo: ExceptionCode=0xc0000005, reading address 0x000000000000000c

Registers:
RAX=0x000000000000000c, RBX=0x000000000a88c800, RCX=0x0000000000000003, RDX=0x0000000000000000
RSP=0x000000000beff3a0, RBP=0x000000000000000c, RSI=0x0000000000000000, RDI=0x0000000000000010
R8 =0x00000007d836b9a8, R9 =0x0000000000000000, R10=0x0000000000000000, R11=0x0000000000000001
R12=0x0000000000000000, R13=0x000000000a8828c8, R14=0x0000000000000000, R15=0x0000000000000000
RIP=0x000000006ef44419, EFLAGS=0x0000000000010246

Top of Stack: (sp=0x000000000beff3a0)
0x000000000beff3a0:   000000000a88c800 0000000000000000
0x000000000beff3b0:   0000000000000000 000000000a88c800
0x000000000beff3c0:   0000000000000000 000000006f00b2b7
0x000000000beff3d0:   00000007d836b9a8 000000000beff4f0
0x000000000beff3e0:   000000000a826098 000000000beff4c0
0x000000000beff3f0:   000000000a88c800 0000000000000000
0x000000000beff400:   000000000a826098 000000000beff4f0
0x000000000beff410:   0000000000000000 000000000a8828c8
0x000000000beff420:   0000000000000000 000000006ee77d15
0x000000000beff430:   000000000beff4c0 000000000beff4f0
0x000000000beff440:   000000000a826098 000000000a88c9e8
0x000000000beff450:   000000000de28a0a 000000006ee7f08c
0x000000000beff460:   000000000a010a01 000000000beff560
0x000000000beff470:   000000000a882401 000000000e2f84c0
0x000000000beff480:   0000565b00000013 000000000a010a00
0x000000000beff490:   000000000c918520 000000006f0bce6d 

Instructions: (pc=0x000000006ef44419)
0x000000006ef443f9:   d2 48 8b c5 eb 18 48 8b d0 48 8b c5 48 d3 e2 48
0x000000006ef44409:   03 15 a1 74 69 00 eb 06 48 8b 12 48 8b c7 48 98
0x000000006ef44419:   8b 14 10 85 d2 74 2a 45 84 db 4c 63 c6 48 0f 45
0x000000006ef44429:   fd 8d 47 0b 48 63 c8 48 83 e1 f8 48 c1 e9 03 8d 


Register to memory mapping:

RAX=0x000000000000000c is an unknown value
RBX=0x000000000a88c800 is a thread
RCX=0x0000000000000003 is an unknown value
RDX=0x0000000000000000 is an unknown value
RSP=0x000000000beff3a0 is pointing into the stack for thread: 0x000000000a88c800
RBP=0x000000000000000c is an unknown value
RSI=0x0000000000000000 is an unknown value
RDI=0x0000000000000010 is an unknown value
R8 =0x00000007d836b9a8 is an oop
java.lang.String 
 - klass: 'java/lang/String'
R9 =0x0000000000000000 is an unknown value
R10=0x0000000000000000 is an unknown value
R11=0x0000000000000001 is an unknown value
R12=0x0000000000000000 is an unknown value
R13=0x000000000a8828c8 is an unknown value
R14=0x0000000000000000 is an unknown value
R15=0x0000000000000000 is an unknown value


Stack: [0x000000000be00000,0x000000000bf00000],  sp=0x000000000beff3a0,  free space=1020k
Native frames: (J=compiled Java code, j=interpreted, Vv=VM code, C=native code)
V  [jvm.dll+0x54419]


---------------  P R O C E S S  ---------------

Java Threads: ( => current thread )
  0x000000000c7a9800 JavaThread "Abandoned connection cleanup thread" daemon [_thread_blocked, id=14724, stack(0x000000000e1d0000,0x000000000e2d0000)]
  0x000000000c7a7800 JavaThread "ReaderThread" [_thread_in_native, id=11816, stack(0x000000000d100000,0x000000000d200000)]
  0x000000000a8b6000 JavaThread "Service Thread" daemon [_thread_blocked, id=19528, stack(0x000000000c300000,0x000000000c400000)]
  0x000000000a8b1800 JavaThread "C2 CompilerThread1" daemon [_thread_blocked, id=19600, stack(0x000000000c200000,0x000000000c300000)]
  0x000000000a8b0800 JavaThread "C2 CompilerThread0" daemon [_thread_blocked, id=5436, stack(0x000000000c100000,0x000000000c200000)]
  0x000000000a89e800 JavaThread "JDWP Command Reader" daemon [_thread_in_native, id=18380, stack(0x000000000c000000,0x000000000c100000)]
  0x000000000a89c000 JavaThread "JDWP Event Helper Thread" daemon [_thread_blocked, id=13852, stack(0x000000000bf00000,0x000000000c000000)]
=>0x000000000a88c800 JavaThread "JDWP Transport Listener: dt_socket" daemon [_thread_in_vm, id=8524, stack(0x000000000be00000,0x000000000bf00000)]
  0x000000000a884800 JavaThread "Attach Listener" daemon [_thread_blocked, id=10252, stack(0x000000000bcf0000,0x000000000bdf0000)]
  0x000000000a882000 JavaThread "Signal Dispatcher" daemon [_thread_blocked, id=1264, stack(0x000000000bbf0000,0x000000000bcf0000)]
  0x000000000a831800 JavaThread "Finalizer" daemon [_thread_blocked, id=9072, stack(0x000000000baf0000,0x000000000bbf0000)]
  0x000000000a826800 JavaThread "Reference Handler" daemon [_thread_blocked, id=19540, stack(0x000000000b9f0000,0x000000000baf0000)]
  0x0000000002493800 JavaThread "main" [_thread_blocked, id=5344, stack(0x0000000002370000,0x0000000002470000)]

Other Threads:
  0x000000000a823000 VMThread [stack: 0x000000000b8f0000,0x000000000b9f0000] [id=9780]
  0x000000000c420800 WatcherThread [stack: 0x000000000c800000,0x000000000c900000] [id=10452]

VM state:not at safepoint (normal execution)

VM Mutex/Monitor currently owned by a thread: None

Heap
 PSYoungGen      total 136192K, used 43663K [0x00000007d5f00000, 0x00000007de900000, 0x0000000800000000)
  eden space 131072K, 29% used [0x00000007d5f00000,0x00000007d84a44b0,0x00000007ddf00000)
  from space 5120K, 99% used [0x00000007de400000,0x00000007de8ff910,0x00000007de900000)
  to   space 5120K, 0% used [0x00000007ddf00000,0x00000007ddf00000,0x00000007de400000)
 ParOldGen       total 86016K, used 15333K [0x0000000781e00000, 0x0000000787200000, 0x00000007d5f00000)
  object space 86016K, 17% used [0x0000000781e00000,0x0000000782cf9658,0x0000000787200000)
 PSPermGen       total 34304K, used 33852K [0x000000077cc00000, 0x000000077ed80000, 0x0000000781e00000)
  object space 34304K, 98% used [0x000000077cc00000,0x000000077ed0f3a0,0x000000077ed80000)

Card table byte_map: [0x0000000005650000,0x0000000005a70000] byte_map_base: 0x0000000001a6a000

Polling page: 0x0000000001ff0000

Code Cache  [0x0000000002590000, 0x0000000002800000, 0x0000000005590000)
 total_blobs=757 nmethods=326 adapters=390 free_code_cache=47676Kb largest_free_block=48777792

Compilation events (10 events):
Event: 5.221 Thread 0x000000000a8b1800  335             java.util.Hashtable::rehash (168 bytes)
Event: 5.223 Thread 0x000000000a8b0800  336             java.nio.charset.CoderResult::isUnderflow (13 bytes)
Event: 5.224 Thread 0x000000000a8b0800 nmethod 336 0x00000000026f3290 code [0x00000000026f33c0, 0x00000000026f3438]
Event: 5.231 Thread 0x000000000a8b1800 nmethod 335 0x00000000026da590 code [0x00000000026da720, 0x00000000026dac28]
Event: 5.506 Thread 0x000000000a8b0800  338             sun.reflect.Reflection::quickCheckMemberAccess (10 bytes)
Event: 5.508 Thread 0x000000000a8b0800 nmethod 338 0x0000000002608ad0 code [0x0000000002608c00, 0x0000000002608c98]
Event: 5.549 Thread 0x000000000a8b1800  339             com.mysql.jdbc.MysqlIO::getServerMajorVersion (5 bytes)
Event: 5.550 Thread 0x000000000a8b1800 nmethod 339 0x0000000002625750 code [0x0000000002625880, 0x00000000026258d8]
Event: 5.568 Thread 0x000000000a8b0800  340             java.util.HashMap$HashIterator::hasNext (13 bytes)
Event: 5.569 Thread 0x000000000a8b0800 nmethod 340 0x00000000026d9d50 code [0x00000000026d9e80, 0x00000000026d9ef8]

GC Heap History (8 events):
Event: 1.196 GC heap before
{Heap before GC invocations=1 (full 0):
 PSYoungGen      total 37888K, used 32768K [0x00000007d5f00000, 0x00000007d8900000, 0x0000000800000000)
  eden space 32768K, 100% used [0x00000007d5f00000,0x00000007d7f00000,0x00000007d7f00000)
  from space 5120K, 0% used [0x00000007d8400000,0x00000007d8400000,0x00000007d8900000)
  to   space 5120K, 0% used [0x00000007d7f00000,0x00000007d7f00000,0x00000007d8400000)
 ParOldGen       total 86016K, used 0K [0x0000000781e00000, 0x0000000787200000, 0x00000007d5f00000)
  object space 86016K, 0% used [0x0000000781e00000,0x0000000781e00000,0x0000000787200000)
 PSPermGen       total 21504K, used 10598K [0x000000077cc00000, 0x000000077e100000, 0x0000000781e00000)
  object space 21504K, 49% used [0x000000077cc00000,0x000000077d659860,0x000000077e100000)
Event: 1.208 GC heap after
Heap after GC invocations=1 (full 0):
 PSYoungGen      total 37888K, used 5090K [0x00000007d5f00000, 0x00000007da900000, 0x0000000800000000)
  eden space 32768K, 0% used [0x00000007d5f00000,0x00000007d5f00000,0x00000007d7f00000)
  from space 5120K, 99% used [0x00000007d7f00000,0x00000007d83f8848,0x00000007d8400000)
  to   space 5120K, 0% used [0x00000007da400000,0x00000007da400000,0x00000007da900000)
 ParOldGen       total 86016K, used 199K [0x0000000781e00000, 0x0000000787200000, 0x00000007d5f00000)
  object space 86016K, 0% used [0x0000000781e00000,0x0000000781e31f18,0x0000000787200000)
 PSPermGen       total 21504K, used 10598K [0x000000077cc00000, 0x000000077e100000, 0x0000000781e00000)
  object space 21504K, 49% used [0x000000077cc00000,0x000000077d659860,0x000000077e100000)
}
Event: 1.756 GC heap before
{Heap before GC invocations=2 (full 0):
 PSYoungGen      total 37888K, used 37858K [0x00000007d5f00000, 0x00000007da900000, 0x0000000800000000)
  eden space 32768K, 100% used [0x00000007d5f00000,0x00000007d7f00000,0x00000007d7f00000)
  from space 5120K, 99% used [0x00000007d7f00000,0x00000007d83f8848,0x00000007d8400000)
  to   space 5120K, 0% used [0x00000007da400000,0x00000007da400000,0x00000007da900000)
 ParOldGen       total 86016K, used 199K [0x0000000781e00000, 0x0000000787200000, 0x00000007d5f00000)
  object space 86016K, 0% used [0x0000000781e00000,0x0000000781e31f18,0x0000000787200000)
 PSPermGen       total 21504K, used 12832K [0x000000077cc00000, 0x000000077e100000, 0x0000000781e00000)
  object space 21504K, 59% used [0x000000077cc00000,0x000000077d8883e0,0x000000077e100000)
Event: 1.769 GC heap after
Heap after GC invocations=2 (full 0):
 PSYoungGen      total 70656K, used 4884K [0x00000007d5f00000, 0x00000007da900000, 0x0000000800000000)
  eden space 65536K, 0% used [0x00000007d5f00000,0x00000007d5f00000,0x00000007d9f00000)
  from space 5120K, 95% used [0x00000007da400000,0x00000007da8c50f0,0x00000007da900000)
  to   space 5120K, 0% used [0x00000007d9f00000,0x00000007d9f00000,0x00000007da400000)
 ParOldGen       total 86016K, used 207K [0x0000000781e00000, 0x0000000787200000, 0x00000007d5f00000)
  object space 86016K, 0% used [0x0000000781e00000,0x0000000781e33f18,0x0000000787200000)
 PSPermGen       total 21504K, used 12832K [0x000000077cc00000, 0x000000077e100000, 0x0000000781e00000)
  object space 21504K, 59% used [0x000000077cc00000,0x000000077d8883e0,0x000000077e100000)
}
Event: 3.190 GC heap before
{Heap before GC invocations=3 (full 0):
 PSYoungGen      total 70656K, used 70420K [0x00000007d5f00000, 0x00000007da900000, 0x0000000800000000)
  eden space 65536K, 100% used [0x00000007d5f00000,0x00000007d9f00000,0x00000007d9f00000)
  from space 5120K, 95% used [0x00000007da400000,0x00000007da8c50f0,0x00000007da900000)
  to   space 5120K, 0% used [0x00000007d9f00000,0x00000007d9f00000,0x00000007da400000)
 ParOldGen       total 86016K, used 207K [0x0000000781e00000, 0x0000000787200000, 0x00000007d5f00000)
  object space 86016K, 0% used [0x0000000781e00000,0x0000000781e33f18,0x0000000787200000)
 PSPermGen       total 22528K, used 22488K [0x000000077cc00000, 0x000000077e200000, 0x0000000781e00000)
  object space 22528K, 99% used [0x000000077cc00000,0x000000077e1f62d8,0x000000077e200000)
Event: 3.208 GC heap after
Heap after GC invocations=3 (full 0):
 PSYoungGen      total 70656K, used 5098K [0x00000007d5f00000, 0x00000007de900000, 0x0000000800000000)
  eden space 65536K, 0% used [0x00000007d5f00000,0x00000007d5f00000,0x00000007d9f00000)
  from space 5120K, 99% used [0x00000007d9f00000,0x00000007da3fa8e0,0x00000007da400000)
  to   space 5120K, 0% used [0x00000007de400000,0x00000007de400000,0x00000007de900000)
 ParOldGen       total 86016K, used 5999K [0x0000000781e00000, 0x0000000787200000, 0x00000007d5f00000)
  object space 86016K, 6% used [0x0000000781e00000,0x00000007823dbe80,0x0000000787200000)
 PSPermGen       total 22528K, used 22488K [0x000000077cc00000, 0x000000077e200000, 0x0000000781e00000)
  object space 22528K, 99% used [0x000000077cc00000,0x000000077e1f62d8,0x000000077e200000)
}
Event: 4.470 GC heap before
{Heap before GC invocations=4 (full 0):
 PSYoungGen      total 70656K, used 70634K [0x00000007d5f00000, 0x00000007de900000, 0x0000000800000000)
  eden space 65536K, 100% used [0x00000007d5f00000,0x00000007d9f00000,0x00000007d9f00000)
  from space 5120K, 99% used [0x00000007d9f00000,0x00000007da3fa8e0,0x00000007da400000)
  to   space 5120K, 0% used [0x00000007de400000,0x00000007de400000,0x00000007de900000)
 ParOldGen       total 86016K, used 5999K [0x0000000781e00000, 0x0000000787200000, 0x00000007d5f00000)
  object space 86016K, 6% used [0x0000000781e00000,0x00000007823dbe80,0x0000000787200000)
 PSPermGen       total 30208K, used 29920K [0x000000077cc00000, 0x000000077e980000, 0x0000000781e00000)
  object space 30208K, 99% used [0x000000077cc00000,0x000000077e9380e0,0x000000077e980000)
Event: 4.493 GC heap after
Heap after GC invocations=4 (full 0):
 PSYoungGen      total 136192K, used 5118K [0x00000007d5f00000, 0x00000007de900000, 0x0000000800000000)
  eden space 131072K, 0% used [0x00000007d5f00000,0x00000007d5f00000,0x00000007ddf00000)
  from space 5120K, 99% used [0x00000007de400000,0x00000007de8ff910,0x00000007de900000)
  to   space 5120K, 0% used [0x00000007ddf00000,0x00000007ddf00000,0x00000007de400000)
 ParOldGen       total 86016K, used 15333K [0x0000000781e00000, 0x0000000787200000, 0x00000007d5f00000)
  object space 86016K, 17% used [0x0000000781e00000,0x0000000782cf9658,0x0000000787200000)
 PSPermGen       total 30208K, used 29920K [0x000000077cc00000, 0x000000077e980000, 0x0000000781e00000)
  object space 30208K, 99% used [0x000000077cc00000,0x000000077e9380e0,0x000000077e980000)
}

Deoptimization events (10 events):
Event: 5.242 Thread 0x0000000002493800 Uncommon trap: reason=unhandled action=none pc=0x000000000265435c method=com.mysql.jdbc.ResultSetImpl.checkClosed()Lcom/mysql/jdbc/MySQLConnection; @ 23
Event: 5.451 Thread 0x0000000002493800 Uncommon trap: reason=unhandled action=none pc=0x000000000265435c method=com.mysql.jdbc.ResultSetImpl.checkClosed()Lcom/mysql/jdbc/MySQLConnection; @ 23
Event: 5.496 Thread 0x0000000002493800 Uncommon trap: reason=unhandled action=none pc=0x000000000265435c method=com.mysql.jdbc.ResultSetImpl.checkClosed()Lcom/mysql/jdbc/MySQLConnection; @ 23
Event: 5.520 Thread 0x0000000002493800 Uncommon trap: reason=unhandled action=none pc=0x000000000265435c method=com.mysql.jdbc.ResultSetImpl.checkClosed()Lcom/mysql/jdbc/MySQLConnection; @ 23
Event: 5.521 Thread 0x0000000002493800 Uncommon trap: reason=unhandled action=none pc=0x000000000265435c method=com.mysql.jdbc.ResultSetImpl.checkClosed()Lcom/mysql/jdbc/MySQLConnection; @ 23
Event: 5.523 Thread 0x0000000002493800 Uncommon trap: reason=unhandled action=none pc=0x000000000265435c method=com.mysql.jdbc.ResultSetImpl.checkClosed()Lcom/mysql/jdbc/MySQLConnection; @ 23
Event: 5.549 Thread 0x0000000002493800 Uncommon trap: reason=unhandled action=none pc=0x000000000265435c method=com.mysql.jdbc.ResultSetImpl.checkClosed()Lcom/mysql/jdbc/MySQLConnection; @ 23
Event: 5.572 Thread 0x0000000002493800 Uncommon trap: reason=unhandled action=none pc=0x000000000265435c method=com.mysql.jdbc.ResultSetImpl.checkClosed()Lcom/mysql/jdbc/MySQLConnection; @ 23
Event: 5.573 Thread 0x0000000002493800 Uncommon trap: reason=unhandled action=none pc=0x000000000265435c method=com.mysql.jdbc.ResultSetImpl.checkClosed()Lcom/mysql/jdbc/MySQLConnection; @ 23
Event: 5.616 Thread 0x0000000002493800 Uncommon trap: reason=unhandled action=none pc=0x000000000265435c method=com.mysql.jdbc.ResultSetImpl.checkClosed()Lcom/mysql/jdbc/MySQLConnection; @ 23

Internal exceptions (10 events):
Event: 5.213 Thread 0x0000000002493800 Threw 0x00000007d826e0e8 at C:\re\jdk7u51\527\hotspot\src\share\vm\prims\jvm.cpp:1244
Event: 5.214 Thread 0x0000000002493800 Threw 0x00000007d827e7d0 at C:\re\jdk7u51\527\hotspot\src\share\vm\prims\jvm.cpp:1244
Event: 5.215 Thread 0x0000000002493800 Threw 0x00000007d8289490 at C:\re\jdk7u51\527\hotspot\src\share\vm\prims\jvm.cpp:1244
Event: 5.215 Thread 0x0000000002493800 Threw 0x00000007d828a078 at C:\re\jdk7u51\527\hotspot\src\share\vm\prims\jvm.cpp:1244
Event: 5.215 Thread 0x0000000002493800 Threw 0x00000007d8294a98 at C:\re\jdk7u51\527\hotspot\src\share\vm\prims\jvm.cpp:1244
Event: 5.216 Thread 0x0000000002493800 Threw 0x00000007d8295bd0 at C:\re\jdk7u51\527\hotspot\src\share\vm\prims\jvm.cpp:1244
Event: 5.217 Thread 0x0000000002493800 Threw 0x00000007d829e620 at C:\re\jdk7u51\527\hotspot\src\share\vm\prims\jvm.cpp:1244
Event: 5.241 Thread 0x0000000002493800 Threw 0x00000007d82e2eb8 at C:\re\jdk7u51\527\hotspot\src\share\vm\prims\jvm.cpp:1244
Event: 5.553 Thread 0x0000000002493800 Threw 0x00000007d832d2c8 at C:\re\jdk7u51\527\hotspot\src\share\vm\prims\jvm.cpp:1244
Event: 5.554 Thread 0x0000000002493800 Threw 0x00000007d8334c00 at C:\re\jdk7u51\527\hotspot\src\share\vm\prims\jvm.cpp:1244

Events (10 events):
Event: 317.685 Executing VM operation: EnterInterpOnlyMode
Event: 317.685 Executing VM operation: EnterInterpOnlyMode done
Event: 317.685 Executing VM operation: GetCurrentLocation
Event: 317.685 Executing VM operation: GetCurrentLocation done
Event: 317.685 Executing VM operation: ChangeSingleStep
Event: 317.685 Executing VM operation: ChangeSingleStep done
Event: 317.686 Executing VM operation: ChangeSingleStep
Event: 317.686 Executing VM operation: ChangeSingleStep done
Event: 317.692 Executing VM operation: GetOrSetLocal
Event: 317.692 Executing VM operation: GetOrSetLocal done


Dynamic libraries:
0x00007ff792330000 - 0x00007ff792363000 	D:\program\jdk7u51\bin\javaw.exe
0x00007ffaaec80000 - 0x00007ffaaee2c000 	C:\Windows\SYSTEM32\ntdll.dll
0x00007ffaacd70000 - 0x00007ffaaceae000 	C:\Windows\system32\KERNEL32.DLL
0x00007ffaabea0000 - 0x00007ffaabfb5000 	C:\Windows\system32\KERNELBASE.dll
0x00007ffaaa980000 - 0x00007ffaaaa0e000 	C:\Windows\system32\apphelp.dll
0x00007ffa9ed60000 - 0x00007ffa9edb3000 	C:\Windows\AppPatch\AppPatch64\AcGenral.DLL
0x00007ffaac850000 - 0x00007ffaac8fa000 	C:\Windows\system32\msvcrt.dll
0x00007ffaabbf0000 - 0x00007ffaabc1e000 	C:\Windows\SYSTEM32\SspiCli.dll
0x00007ffaacb70000 - 0x00007ffaacbc4000 	C:\Windows\system32\SHLWAPI.dll
0x00007ffaacec0000 - 0x00007ffaad037000 	C:\Windows\system32\USER32.dll
0x00007ffaaeae0000 - 0x00007ffaaec74000 	C:\Windows\system32\ole32.dll
0x00007ffaad270000 - 0x00007ffaae789000 	C:\Windows\system32\SHELL32.dll
0x00007ffaab370000 - 0x00007ffaab391000 	C:\Windows\SYSTEM32\USERENV.dll
0x00007ffaac5e0000 - 0x00007ffaac68a000 	C:\Windows\system32\ADVAPI32.dll
0x00007ffaa2510000 - 0x00007ffaa252e000 	C:\Windows\SYSTEM32\MPR.dll
0x00007ffaad110000 - 0x00007ffaad251000 	C:\Windows\system32\RPCRT4.dll
0x00007ffaac7f0000 - 0x00007ffaac849000 	C:\Windows\SYSTEM32\sechost.dll
0x00007ffaac3c0000 - 0x00007ffaac5d1000 	C:\Windows\SYSTEM32\combase.dll
0x00007ffaacc10000 - 0x00007ffaacd61000 	C:\Windows\system32\GDI32.dll
0x00007ffaabdd0000 - 0x00007ffaabde5000 	C:\Windows\SYSTEM32\profapi.dll
0x00007ffaaa190000 - 0x00007ffaaa242000 	C:\Windows\SYSTEM32\SHCORE.dll
0x00007ffaacbd0000 - 0x00007ffaacc06000 	C:\Windows\system32\IMM32.DLL
0x00007ffaac690000 - 0x00007ffaac7e3000 	C:\Windows\system32\MSCTF.dll
0x00007ffaa9a30000 - 0x00007ffaa9cab000 	C:\Windows\WinSxS\amd64_microsoft.windows.common-controls_6595b64144ccf1df_6.0.9600.17415_none_6240486fecbd8abb\COMCTL32.dll
0x000000006f6c0000 - 0x000000006f792000 	D:\program\jdk7u51\jre\bin\msvcr100.dll
0x000000006eef0000 - 0x000000006f6b9000 	D:\program\jdk7u51\jre\bin\server\jvm.dll
0x00007ffaaaab0000 - 0x00007ffaaaab9000 	C:\Windows\SYSTEM32\WSOCK32.dll
0x00007ffaa82e0000 - 0x00007ffaa8302000 	C:\Windows\SYSTEM32\WINMM.dll
0x00007ffaae790000 - 0x00007ffaae797000 	C:\Windows\system32\PSAPI.DLL
0x00007ffaac900000 - 0x00007ffaac95a000 	C:\Windows\system32\WS2_32.dll
0x00007ffaa7fb0000 - 0x00007ffaa7fda000 	C:\Windows\SYSTEM32\WINMMBASE.dll
0x00007ffaaceb0000 - 0x00007ffaaceb9000 	C:\Windows\system32\NSI.dll
0x00007ffaabfc0000 - 0x00007ffaac00f000 	C:\Windows\SYSTEM32\cfgmgr32.dll
0x00007ffaaabd0000 - 0x00007ffaaabf8000 	C:\Windows\SYSTEM32\DEVOBJ.dll
0x000000006eee0000 - 0x000000006eeef000 	D:\program\jdk7u51\jre\bin\verify.dll
0x000000006eeb0000 - 0x000000006eed8000 	D:\program\jdk7u51\jre\bin\java.dll
0x000000006ee70000 - 0x000000006eea5000 	D:\program\jdk7u51\jre\bin\jdwp.dll
0x000000006ee60000 - 0x000000006ee68000 	D:\program\jdk7u51\jre\bin\npt.dll
0x000000006ee40000 - 0x000000006ee55000 	D:\program\jdk7u51\jre\bin\zip.dll
0x000000006ee30000 - 0x000000006ee39000 	D:\program\jdk7u51\jre\bin\dt_socket.dll
0x00007ffaa3600000 - 0x00007ffaa3615000 	C:\Windows\system32\napinsp.dll
0x00007ffaa3620000 - 0x00007ffaa363a000 	C:\Windows\system32\pnrpnsp.dll
0x00007ffaa7d00000 - 0x00007ffaa7d1b000 	C:\Windows\system32\NLAapi.dll
0x00007ffaab5e0000 - 0x00007ffaab639000 	C:\Windows\System32\mswsock.dll
0x00007ffaab3e0000 - 0x00007ffaab484000 	C:\Windows\SYSTEM32\DNSAPI.dll
0x00007ffaa3640000 - 0x00007ffaa364d000 	C:\Windows\System32\winrnr.dll
0x00007ffaa3650000 - 0x00007ffaa3664000 	C:\Windows\system32\wshbth.dll
0x00007ffaa69a0000 - 0x00007ffaa6a0b000 	C:\Windows\System32\fwpuclnt.dll
0x00007ffaa3790000 - 0x00007ffaa379a000 	C:\Windows\System32\rasadhlp.dll
0x000000006ee10000 - 0x000000006ee29000 	D:\program\jdk7u51\jre\bin\net.dll
0x000000006edf0000 - 0x000000006ee01000 	D:\program\jdk7u51\jre\bin\nio.dll
0x00007ffaab640000 - 0x00007ffaab660000 	C:\Windows\SYSTEM32\CRYPTSP.dll
0x00007ffaab260000 - 0x00007ffaab296000 	C:\Windows\system32\rsaenh.dll
0x00007ffaab890000 - 0x00007ffaab8b6000 	C:\Windows\SYSTEM32\bcrypt.dll
0x00007ffaabc30000 - 0x00007ffaabc93000 	C:\Windows\system32\bcryptprimitives.dll
0x00007ffaabca0000 - 0x00007ffaabcab000 	C:\Windows\SYSTEM32\CRYPTBASE.dll
0x00007ffaa7650000 - 0x00007ffaa767a000 	C:\Windows\SYSTEM32\IPHLPAPI.DLL
0x00007ffaa7620000 - 0x00007ffaa762a000 	C:\Windows\SYSTEM32\WINNSI.DLL
0x00007ffaa42c0000 - 0x00007ffaa444a000 	C:\Windows\SYSTEM32\dbghelp.dll

VM Arguments:
jvm_args: -agentlib:jdwp=transport=dt_socket,suspend=y,address=localhost:59052 -Dfile.encoding=UTF-8 
java_command: org.eclipse.jdt.internal.junit.runner.RemoteTestRunner -version 3 -port 59051 -testLoaderClass org.eclipse.jdt.internal.junit4.runner.JUnit4TestLoader -loaderpluginname org.eclipse.jdt.junit4.runtime -test com.cargo.controller.TestOrderController:save
Launcher Type: SUN_STANDARD

Environment Variables:
JAVA_HOME=D:\program\jdk7u51
PATH=D:\program\jdk7u51\jre\bin;C:\Windows\system32;C:\Windows;C:\Windows\System32\Wbem;C:\Windows\System32\WindowsPowerShell\v1.0\;JAVA_HOME\bin;D:\program\python;D:\program\apache-maven-3.1.0\bin;D:\program\python\Scripts
USERNAME=warmerhu
OS=Windows_NT
PROCESSOR_IDENTIFIER=Intel64 Family 6 Model 58 Stepping 9, GenuineIntel



---------------  S Y S T E M  ---------------

OS: Windows 8 , 64 bit Build 9200 

CPU:total 4 (2 cores per cpu, 2 threads per core) family 6 model 58 stepping 9, cmov, cx8, fxsr, mmx, sse, sse2, sse3, ssse3, sse4.1, sse4.2, popcnt, avx, aes, erms, ht, tsc, tscinvbit, tscinv

Memory: 4k page, physical 8260888k(4539704k free), swap 9999632k(4843428k free)

vm_info: Java HotSpot(TM) 64-Bit Server VM (24.51-b03) for windows-amd64 JRE (1.7.0_51-b13), built on Dec 18 2013 18:40:56 by "java_re" with unknown MS VC++:1600

time: Tue May 05 20:17:08 2015
elapsed time: 317 seconds

